{"total": {"lines":{"total":79,"covered":68,"skipped":0,"pct":86.08},"statements":{"total":82,"covered":70,"skipped":0,"pct":85.37},"functions":{"total":14,"covered":10,"skipped":0,"pct":71.43},"branches":{"total":6,"covered":3,"skipped":0,"pct":50}}
,"/home/pablohdz/Documents/GitHub/api-my-personal-projects/app.js": {"lines":{"total":15,"covered":12,"skipped":0,"pct":80},"functions":{"total":2,"covered":0,"skipped":0,"pct":0},"statements":{"total":15,"covered":12,"skipped":0,"pct":80},"branches":{"total":0,"covered":0,"skipped":0,"pct":100}}
,"/home/pablohdz/Documents/GitHub/api-my-personal-projects/controller/handlers.js": {"lines":{"total":24,"covered":16,"skipped":0,"pct":66.67},"functions":{"total":5,"covered":3,"skipped":0,"pct":60},"statements":{"total":25,"covered":16,"skipped":0,"pct":64},"branches":{"total":4,"covered":1,"skipped":0,"pct":25}}
,"/home/pablohdz/Documents/GitHub/api-my-personal-projects/models/projects-schema.js": {"lines":{"total":4,"covered":4,"skipped":0,"pct":100},"functions":{"total":0,"covered":0,"skipped":0,"pct":100},"statements":{"total":4,"covered":4,"skipped":0,"pct":100},"branches":{"total":0,"covered":0,"skipped":0,"pct":100}}
,"/home/pablohdz/Documents/GitHub/api-my-personal-projects/modules/body-validation.js": {"lines":{"total":12,"covered":12,"skipped":0,"pct":100},"functions":{"total":3,"covered":3,"skipped":0,"pct":100},"statements":{"total":13,"covered":13,"skipped":0,"pct":100},"branches":{"total":2,"covered":2,"skipped":0,"pct":100}}
,"/home/pablohdz/Documents/GitHub/api-my-personal-projects/modules/convertStringToArray.js": {"lines":{"total":4,"covered":4,"skipped":0,"pct":100},"functions":{"total":2,"covered":2,"skipped":0,"pct":100},"statements":{"total":5,"covered":5,"skipped":0,"pct":100},"branches":{"total":0,"covered":0,"skipped":0,"pct":100}}
,"/home/pablohdz/Documents/GitHub/api-my-personal-projects/modules/modifyDataBeforeSaving.js": {"lines":{"total":4,"covered":4,"skipped":0,"pct":100},"functions":{"total":1,"covered":1,"skipped":0,"pct":100},"statements":{"total":4,"covered":4,"skipped":0,"pct":100},"branches":{"total":0,"covered":0,"skipped":0,"pct":100}}
,"/home/pablohdz/Documents/GitHub/api-my-personal-projects/modules/mongodb.js": {"lines":{"total":6,"covered":6,"skipped":0,"pct":100},"functions":{"total":0,"covered":0,"skipped":0,"pct":100},"statements":{"total":6,"covered":6,"skipped":0,"pct":100},"branches":{"total":0,"covered":0,"skipped":0,"pct":100}}
,"/home/pablohdz/Documents/GitHub/api-my-personal-projects/router/router.js": {"lines":{"total":10,"covered":10,"skipped":0,"pct":100},"functions":{"total":1,"covered":1,"skipped":0,"pct":100},"statements":{"total":10,"covered":10,"skipped":0,"pct":100},"branches":{"total":0,"covered":0,"skipped":0,"pct":100}}
}
