TN:
SF:app.js
FN:12,(anonymous_0)
FN:18,(anonymous_1)
FNF:2
FNH:0
FNDA:0,(anonymous_0)
FNDA:0,(anonymous_1)
DA:1,3
DA:2,3
DA:3,3
DA:4,3
DA:5,3
DA:7,3
DA:8,3
DA:9,3
DA:10,3
DA:12,3
DA:13,0
DA:18,3
DA:19,0
DA:20,0
DA:23,3
LF:15
LH:12
BRF:0
BRH:0
end_of_record
TN:
SF:controller/handlers.js
FN:5,(anonymous_0)
FN:9,(anonymous_1)
FN:22,(anonymous_2)
FN:24,(anonymous_3)
FN:38,(anonymous_4)
FNF:5
FNH:3
FNDA:0,(anonymous_0)
FNDA:1,(anonymous_1)
FNDA:1,(anonymous_2)
FNDA:1,(anonymous_3)
FNDA:0,(anonymous_4)
DA:1,3
DA:2,3
DA:3,3
DA:5,3
DA:6,0
DA:9,3
DA:10,1
DA:15,1
DA:16,1
DA:17,1
DA:19,1
DA:22,3
DA:24,1
DA:25,1
DA:27,1
DA:28,0
DA:33,1
DA:38,3
DA:40,0
DA:41,0
DA:43,0
DA:45,0
DA:46,0
DA:48,0
LF:24
LH:16
BRDA:27,0,0,0
BRDA:27,0,1,1
BRDA:43,1,0,0
BRDA:43,1,1,0
BRF:4
BRH:1
end_of_record
TN:
SF:models/projects-schema.js
FNF:0
FNH:0
DA:1,3
DA:3,3
DA:12,3
DA:14,3
LF:4
LH:4
BRF:0
BRH:0
end_of_record
TN:
SF:modules/body-validation.js
FN:3,(anonymous_0)
FN:18,(anonymous_1)
FN:25,(anonymous_2)
FNF:3
FNH:3
FNDA:3,(anonymous_0)
FNDA:7,(anonymous_1)
FNDA:12,(anonymous_2)
DA:1,3
DA:3,3
DA:18,3
DA:19,7
DA:20,7
DA:21,1
DA:24,6
DA:25,6
DA:26,12
DA:29,6
DA:31,6
DA:37,3
LF:12
LH:12
BRDA:20,0,0,1
BRDA:20,0,1,6
BRF:2
BRH:2
end_of_record
TN:
SF:modules/convertStringToArray.js
FN:1,(anonymous_0)
FN:3,(anonymous_1)
FNF:2
FNH:2
FNDA:3,(anonymous_0)
FNDA:7,(anonymous_1)
DA:1,4
DA:2,3
DA:3,7
DA:7,4
LF:4
LH:4
BRF:0
BRH:0
end_of_record
TN:
SF:modules/modifyDataBeforeSaving.js
FN:1,(anonymous_0)
FNF:1
FNH:1
FNDA:2,(anonymous_0)
DA:1,4
DA:2,2
DA:3,2
DA:7,4
LF:4
LH:4
BRF:0
BRH:0
end_of_record
TN:
SF:modules/mongodb.js
FNF:0
FNH:0
DA:1,3
DA:2,3
DA:4,3
DA:9,3
DA:10,3
DA:12,3
LF:6
LH:6
BRF:0
BRH:0
end_of_record
TN:
SF:router/router.js
FN:6,(anonymous_0)
FNF:1
FNH:1
FNDA:3,(anonymous_0)
DA:1,3
DA:2,3
DA:3,3
DA:4,3
DA:6,3
DA:8,3
DA:11,3
DA:13,3
DA:19,3
DA:21,3
LF:10
LH:10
BRF:0
BRH:0
end_of_record
